ERROR - 2023-04-02 02:38:44 --> Error connecting to the database: mysqli_sql_exception: No connection could be made because the target machine actively refused it.
 in C:\xampp\htdocs\sistem-abi\system\Database\MySQLi\Connection.php:174
Stack trace:
#0 C:\xampp\htdocs\sistem-abi\system\Database\MySQLi\Connection.php(174): mysqli->real_connect('localhost', 'root', '', 'db_absen_ibadah', 3306, '', 0)
#1 C:\xampp\htdocs\sistem-abi\system\Database\BaseConnection.php(391): CodeIgniter\Database\MySQLi\Connection->connect(false)
#2 C:\xampp\htdocs\sistem-abi\system\Database\BaseConnection.php(573): CodeIgniter\Database\BaseConnection->initialize()
#3 C:\xampp\htdocs\sistem-abi\system\Database\BaseConnection.php(1408): CodeIgniter\Database\BaseConnection->query('SHOW TABLES FRO...')
#4 C:\xampp\htdocs\sistem-abi\system\Database\BaseConnection.php(1427): CodeIgniter\Database\BaseConnection->listTables()
#5 C:\xampp\htdocs\sistem-abi\system\Database\MigrationRunner.php(768): CodeIgniter\Database\BaseConnection->tableExists('migrations')
#6 C:\xampp\htdocs\sistem-abi\system\Database\MigrationRunner.php(241): CodeIgniter\Database\MigrationRunner->ensureTable()
#7 C:\xampp\htdocs\sistem-abi\system\Commands\Database\MigrateRollback.php(92): CodeIgniter\Database\MigrationRunner->regress(0)
#8 C:\xampp\htdocs\sistem-abi\system\CLI\Commands.php(65): CodeIgniter\Commands\Database\MigrateRollback->run(Array)
#9 C:\xampp\htdocs\sistem-abi\system\CLI\BaseCommand.php(114): CodeIgniter\CLI\Commands->run('migrate:rollbac...', Array)
#10 C:\xampp\htdocs\sistem-abi\system\Commands\Database\MigrateRefresh.php(84): CodeIgniter\CLI\BaseCommand->call('migrate:rollbac...', Array)
#11 C:\xampp\htdocs\sistem-abi\system\CLI\Commands.php(65): CodeIgniter\Commands\Database\MigrateRefresh->run(Array)
#12 C:\xampp\htdocs\sistem-abi\system\CLI\Console.php(37): CodeIgniter\CLI\Commands->run('migrate:refresh', Array)
#13 C:\xampp\htdocs\sistem-abi\spark(97): CodeIgniter\CLI\Console->run()
#14 {main}

Next CodeIgniter\Database\Exceptions\DatabaseException: No connection could be made because the target machine actively refused it.
 in C:\xampp\htdocs\sistem-abi\system\Database\MySQLi\Connection.php:218
Stack trace:
#0 C:\xampp\htdocs\sistem-abi\system\Database\BaseConnection.php(391): CodeIgniter\Database\MySQLi\Connection->connect(false)
#1 C:\xampp\htdocs\sistem-abi\system\Database\BaseConnection.php(573): CodeIgniter\Database\BaseConnection->initialize()
#2 C:\xampp\htdocs\sistem-abi\system\Database\BaseConnection.php(1408): CodeIgniter\Database\BaseConnection->query('SHOW TABLES FRO...')
#3 C:\xampp\htdocs\sistem-abi\system\Database\BaseConnection.php(1427): CodeIgniter\Database\BaseConnection->listTables()
#4 C:\xampp\htdocs\sistem-abi\system\Database\MigrationRunner.php(768): CodeIgniter\Database\BaseConnection->tableExists('migrations')
#5 C:\xampp\htdocs\sistem-abi\system\Database\MigrationRunner.php(241): CodeIgniter\Database\MigrationRunner->ensureTable()
#6 C:\xampp\htdocs\sistem-abi\system\Commands\Database\MigrateRollback.php(92): CodeIgniter\Database\MigrationRunner->regress(0)
#7 C:\xampp\htdocs\sistem-abi\system\CLI\Commands.php(65): CodeIgniter\Commands\Database\MigrateRollback->run(Array)
#8 C:\xampp\htdocs\sistem-abi\system\CLI\BaseCommand.php(114): CodeIgniter\CLI\Commands->run('migrate:rollbac...', Array)
#9 C:\xampp\htdocs\sistem-abi\system\Commands\Database\MigrateRefresh.php(84): CodeIgniter\CLI\BaseCommand->call('migrate:rollbac...', Array)
#10 C:\xampp\htdocs\sistem-abi\system\CLI\Commands.php(65): CodeIgniter\Commands\Database\MigrateRefresh->run(Array)
#11 C:\xampp\htdocs\sistem-abi\system\CLI\Console.php(37): CodeIgniter\CLI\Commands->run('migrate:refresh', Array)
#12 C:\xampp\htdocs\sistem-abi\spark(97): CodeIgniter\CLI\Console->run()
#13 {main}
ERROR - 2023-04-02 02:38:49 --> Error connecting to the database: mysqli_sql_exception: No connection could be made because the target machine actively refused it.
 in C:\xampp\htdocs\sistem-abi\system\Database\MySQLi\Connection.php:174
Stack trace:
#0 C:\xampp\htdocs\sistem-abi\system\Database\MySQLi\Connection.php(174): mysqli->real_connect('localhost', 'root', '', 'db_absen_ibadah', 3306, '', 0)
#1 C:\xampp\htdocs\sistem-abi\system\Database\BaseConnection.php(391): CodeIgniter\Database\MySQLi\Connection->connect(false)
#2 C:\xampp\htdocs\sistem-abi\system\Database\BaseConnection.php(573): CodeIgniter\Database\BaseConnection->initialize()
#3 C:\xampp\htdocs\sistem-abi\system\Database\BaseConnection.php(1408): CodeIgniter\Database\BaseConnection->query('SHOW TABLES FRO...')
#4 C:\xampp\htdocs\sistem-abi\system\Database\BaseConnection.php(1427): CodeIgniter\Database\BaseConnection->listTables()
#5 C:\xampp\htdocs\sistem-abi\system\Database\MigrationRunner.php(768): CodeIgniter\Database\BaseConnection->tableExists('migrations')
#6 C:\xampp\htdocs\sistem-abi\system\Database\MigrationRunner.php(168): CodeIgniter\Database\MigrationRunner->ensureTable()
#7 C:\xampp\htdocs\sistem-abi\system\Commands\Database\Migrate.php(84): CodeIgniter\Database\MigrationRunner->latest(NULL)
#8 C:\xampp\htdocs\sistem-abi\system\CLI\Commands.php(65): CodeIgniter\Commands\Database\Migrate->run(Array)
#9 C:\xampp\htdocs\sistem-abi\system\CLI\BaseCommand.php(114): CodeIgniter\CLI\Commands->run('migrate', Array)
#10 C:\xampp\htdocs\sistem-abi\system\Commands\Database\MigrateRefresh.php(85): CodeIgniter\CLI\BaseCommand->call('migrate', Array)
#11 C:\xampp\htdocs\sistem-abi\system\CLI\Commands.php(65): CodeIgniter\Commands\Database\MigrateRefresh->run(Array)
#12 C:\xampp\htdocs\sistem-abi\system\CLI\Console.php(37): CodeIgniter\CLI\Commands->run('migrate:refresh', Array)
#13 C:\xampp\htdocs\sistem-abi\spark(97): CodeIgniter\CLI\Console->run()
#14 {main}

Next CodeIgniter\Database\Exceptions\DatabaseException: No connection could be made because the target machine actively refused it.
 in C:\xampp\htdocs\sistem-abi\system\Database\MySQLi\Connection.php:218
Stack trace:
#0 C:\xampp\htdocs\sistem-abi\system\Database\BaseConnection.php(391): CodeIgniter\Database\MySQLi\Connection->connect(false)
#1 C:\xampp\htdocs\sistem-abi\system\Database\BaseConnection.php(573): CodeIgniter\Database\BaseConnection->initialize()
#2 C:\xampp\htdocs\sistem-abi\system\Database\BaseConnection.php(1408): CodeIgniter\Database\BaseConnection->query('SHOW TABLES FRO...')
#3 C:\xampp\htdocs\sistem-abi\system\Database\BaseConnection.php(1427): CodeIgniter\Database\BaseConnection->listTables()
#4 C:\xampp\htdocs\sistem-abi\system\Database\MigrationRunner.php(768): CodeIgniter\Database\BaseConnection->tableExists('migrations')
#5 C:\xampp\htdocs\sistem-abi\system\Database\MigrationRunner.php(168): CodeIgniter\Database\MigrationRunner->ensureTable()
#6 C:\xampp\htdocs\sistem-abi\system\Commands\Database\Migrate.php(84): CodeIgniter\Database\MigrationRunner->latest(NULL)
#7 C:\xampp\htdocs\sistem-abi\system\CLI\Commands.php(65): CodeIgniter\Commands\Database\Migrate->run(Array)
#8 C:\xampp\htdocs\sistem-abi\system\CLI\BaseCommand.php(114): CodeIgniter\CLI\Commands->run('migrate', Array)
#9 C:\xampp\htdocs\sistem-abi\system\Commands\Database\MigrateRefresh.php(85): CodeIgniter\CLI\BaseCommand->call('migrate', Array)
#10 C:\xampp\htdocs\sistem-abi\system\CLI\Commands.php(65): CodeIgniter\Commands\Database\MigrateRefresh->run(Array)
#11 C:\xampp\htdocs\sistem-abi\system\CLI\Console.php(37): CodeIgniter\CLI\Commands->run('migrate:refresh', Array)
#12 C:\xampp\htdocs\sistem-abi\spark(97): CodeIgniter\CLI\Console->run()
#13 {main}
INFO - 2023-04-02 02:39:26 --> Session: Class initialized using 'CodeIgniter\Session\Handlers\FileHandler' driver.
INFO - 2023-04-02 02:39:45 --> Session: Class initialized using 'CodeIgniter\Session\Handlers\FileHandler' driver.
INFO - 2023-04-02 02:39:45 --> Session: Class initialized using 'CodeIgniter\Session\Handlers\FileHandler' driver.
INFO - 2023-04-02 02:39:50 --> Session: Class initialized using 'CodeIgniter\Session\Handlers\FileHandler' driver.
INFO - 2023-04-02 02:41:55 --> Session: Class initialized using 'CodeIgniter\Session\Handlers\FileHandler' driver.
INFO - 2023-04-02 02:42:37 --> Session: Class initialized using 'CodeIgniter\Session\Handlers\FileHandler' driver.
INFO - 2023-04-02 02:42:38 --> Session: Class initialized using 'CodeIgniter\Session\Handlers\FileHandler' driver.
INFO - 2023-04-02 02:42:43 --> Session: Class initialized using 'CodeIgniter\Session\Handlers\FileHandler' driver.
INFO - 2023-04-02 02:42:48 --> Session: Class initialized using 'CodeIgniter\Session\Handlers\FileHandler' driver.
INFO - 2023-04-02 02:43:45 --> Session: Class initialized using 'CodeIgniter\Session\Handlers\FileHandler' driver.
INFO - 2023-04-02 02:43:45 --> Session: Class initialized using 'CodeIgniter\Session\Handlers\FileHandler' driver.
INFO - 2023-04-02 02:43:54 --> Session: Class initialized using 'CodeIgniter\Session\Handlers\FileHandler' driver.
INFO - 2023-04-02 03:08:09 --> Session: Class initialized using 'CodeIgniter\Session\Handlers\FileHandler' driver.
INFO - 2023-04-02 03:08:35 --> Session: Class initialized using 'CodeIgniter\Session\Handlers\FileHandler' driver.
INFO - 2023-04-02 03:08:44 --> Session: Class initialized using 'CodeIgniter\Session\Handlers\FileHandler' driver.
INFO - 2023-04-02 03:08:56 --> Session: Class initialized using 'CodeIgniter\Session\Handlers\FileHandler' driver.
INFO - 2023-04-02 03:09:05 --> Session: Class initialized using 'CodeIgniter\Session\Handlers\FileHandler' driver.
INFO - 2023-04-02 03:09:39 --> Session: Class initialized using 'CodeIgniter\Session\Handlers\FileHandler' driver.
INFO - 2023-04-02 03:10:00 --> Session: Class initialized using 'CodeIgniter\Session\Handlers\FileHandler' driver.
INFO - 2023-04-02 03:10:17 --> Session: Class initialized using 'CodeIgniter\Session\Handlers\FileHandler' driver.
INFO - 2023-04-02 03:11:48 --> Session: Class initialized using 'CodeIgniter\Session\Handlers\FileHandler' driver.
INFO - 2023-04-02 03:12:20 --> Session: Class initialized using 'CodeIgniter\Session\Handlers\FileHandler' driver.
INFO - 2023-04-02 03:12:34 --> Session: Class initialized using 'CodeIgniter\Session\Handlers\FileHandler' driver.
INFO - 2023-04-02 03:12:43 --> Session: Class initialized using 'CodeIgniter\Session\Handlers\FileHandler' driver.
INFO - 2023-04-02 03:13:26 --> Session: Class initialized using 'CodeIgniter\Session\Handlers\FileHandler' driver.
INFO - 2023-04-02 03:16:38 --> Session: Class initialized using 'CodeIgniter\Session\Handlers\FileHandler' driver.
INFO - 2023-04-02 03:18:12 --> Session: Class initialized using 'CodeIgniter\Session\Handlers\FileHandler' driver.
INFO - 2023-04-02 03:19:23 --> Session: Class initialized using 'CodeIgniter\Session\Handlers\FileHandler' driver.
INFO - 2023-04-02 03:19:39 --> Session: Class initialized using 'CodeIgniter\Session\Handlers\FileHandler' driver.
INFO - 2023-04-02 03:19:55 --> Session: Class initialized using 'CodeIgniter\Session\Handlers\FileHandler' driver.
INFO - 2023-04-02 03:21:16 --> Session: Class initialized using 'CodeIgniter\Session\Handlers\FileHandler' driver.
INFO - 2023-04-02 03:22:00 --> Session: Class initialized using 'CodeIgniter\Session\Handlers\FileHandler' driver.
INFO - 2023-04-02 03:22:20 --> Session: Class initialized using 'CodeIgniter\Session\Handlers\FileHandler' driver.
INFO - 2023-04-02 03:22:57 --> Session: Class initialized using 'CodeIgniter\Session\Handlers\FileHandler' driver.
INFO - 2023-04-02 03:23:52 --> Session: Class initialized using 'CodeIgniter\Session\Handlers\FileHandler' driver.
INFO - 2023-04-02 03:23:53 --> Session: Class initialized using 'CodeIgniter\Session\Handlers\FileHandler' driver.
INFO - 2023-04-02 03:23:59 --> Session: Class initialized using 'CodeIgniter\Session\Handlers\FileHandler' driver.
INFO - 2023-04-02 03:26:03 --> Session: Class initialized using 'CodeIgniter\Session\Handlers\FileHandler' driver.
INFO - 2023-04-02 03:26:04 --> Session: Class initialized using 'CodeIgniter\Session\Handlers\FileHandler' driver.
INFO - 2023-04-02 03:26:13 --> Session: Class initialized using 'CodeIgniter\Session\Handlers\FileHandler' driver.
INFO - 2023-04-02 03:26:13 --> Session: Class initialized using 'CodeIgniter\Session\Handlers\FileHandler' driver.
INFO - 2023-04-02 03:26:25 --> Session: Class initialized using 'CodeIgniter\Session\Handlers\FileHandler' driver.
INFO - 2023-04-02 03:26:26 --> Session: Class initialized using 'CodeIgniter\Session\Handlers\FileHandler' driver.
INFO - 2023-04-02 03:26:35 --> Session: Class initialized using 'CodeIgniter\Session\Handlers\FileHandler' driver.
INFO - 2023-04-02 03:26:36 --> Session: Class initialized using 'CodeIgniter\Session\Handlers\FileHandler' driver.
INFO - 2023-04-02 03:26:40 --> Session: Class initialized using 'CodeIgniter\Session\Handlers\FileHandler' driver.
INFO - 2023-04-02 03:26:40 --> Session: Class initialized using 'CodeIgniter\Session\Handlers\FileHandler' driver.
INFO - 2023-04-02 03:26:43 --> Session: Class initialized using 'CodeIgniter\Session\Handlers\FileHandler' driver.
INFO - 2023-04-02 03:26:48 --> Session: Class initialized using 'CodeIgniter\Session\Handlers\FileHandler' driver.
INFO - 2023-04-02 03:26:51 --> Session: Class initialized using 'CodeIgniter\Session\Handlers\FileHandler' driver.
INFO - 2023-04-02 03:26:52 --> Session: Class initialized using 'CodeIgniter\Session\Handlers\FileHandler' driver.
INFO - 2023-04-02 03:26:56 --> Session: Class initialized using 'CodeIgniter\Session\Handlers\FileHandler' driver.
INFO - 2023-04-02 03:27:00 --> Session: Class initialized using 'CodeIgniter\Session\Handlers\FileHandler' driver.
INFO - 2023-04-02 03:27:05 --> Session: Class initialized using 'CodeIgniter\Session\Handlers\FileHandler' driver.
INFO - 2023-04-02 03:27:19 --> Session: Class initialized using 'CodeIgniter\Session\Handlers\FileHandler' driver.
INFO - 2023-04-02 03:27:20 --> Session: Class initialized using 'CodeIgniter\Session\Handlers\FileHandler' driver.
INFO - 2023-04-02 03:27:24 --> Session: Class initialized using 'CodeIgniter\Session\Handlers\FileHandler' driver.
INFO - 2023-04-02 03:27:49 --> Session: Class initialized using 'CodeIgniter\Session\Handlers\FileHandler' driver.
INFO - 2023-04-02 03:27:50 --> Session: Class initialized using 'CodeIgniter\Session\Handlers\FileHandler' driver.
INFO - 2023-04-02 03:27:52 --> Session: Class initialized using 'CodeIgniter\Session\Handlers\FileHandler' driver.
INFO - 2023-04-02 03:27:57 --> Session: Class initialized using 'CodeIgniter\Session\Handlers\FileHandler' driver.
INFO - 2023-04-02 03:27:57 --> Session: Class initialized using 'CodeIgniter\Session\Handlers\FileHandler' driver.
INFO - 2023-04-02 03:28:02 --> Session: Class initialized using 'CodeIgniter\Session\Handlers\FileHandler' driver.
INFO - 2023-04-02 03:28:05 --> Session: Class initialized using 'CodeIgniter\Session\Handlers\FileHandler' driver.
INFO - 2023-04-02 03:28:15 --> Session: Class initialized using 'CodeIgniter\Session\Handlers\FileHandler' driver.
INFO - 2023-04-02 03:29:33 --> Session: Class initialized using 'CodeIgniter\Session\Handlers\FileHandler' driver.
INFO - 2023-04-02 03:29:35 --> Session: Class initialized using 'CodeIgniter\Session\Handlers\FileHandler' driver.
CRITICAL - 2023-04-02 03:29:36 --> Undefined index: id_murid
in APPPATH\Views\admin\murid\detail.php on line 16.
 1 APPPATH\Views\admin\murid\detail.php(16): CodeIgniter\Debug\Exceptions->errorHandler(8, 'Undefined index: id_murid', 'C:\\xampp\\htdocs\\sistem-abi\\app\\Views\\admin\\murid\\detail.php', 16, [...])
 2 SYSTEMPATH\View\View.php(213): include('C:\\xampp\\htdocs\\sistem-abi\\app\\Views\\admin\\murid\\detail.php')
 3 SYSTEMPATH\View\View.php(216): CodeIgniter\View\View->CodeIgniter\View\{closure}()
 4 SYSTEMPATH\Common.php(1184): CodeIgniter\View\View->render('/admin/murid/detail', [], true)
 5 APPPATH\Controllers\Admin.php(1003): view('/admin/murid/detail', [...])
 6 SYSTEMPATH\CodeIgniter.php(934): App\Controllers\Admin->detail_murid('123456789')
 7 SYSTEMPATH\CodeIgniter.php(499): CodeIgniter\CodeIgniter->runController(Object(App\Controllers\Admin))
 8 SYSTEMPATH\CodeIgniter.php(368): CodeIgniter\CodeIgniter->handleRequest(null, Object(Config\Cache), false)
 9 FCPATH\index.php(67): CodeIgniter\CodeIgniter->run()
10 SYSTEMPATH\Commands\Server\rewrite.php(47): require_once('C:\\xampp\\htdocs\\sistem-abi\\public\\index.php')
INFO - 2023-04-02 03:29:49 --> Session: Class initialized using 'CodeIgniter\Session\Handlers\FileHandler' driver.
INFO - 2023-04-02 03:29:56 --> Session: Class initialized using 'CodeIgniter\Session\Handlers\FileHandler' driver.
CRITICAL - 2023-04-02 03:29:56 --> Trying to access array offset on value of type null
in APPPATH\Views\admin\guru\edit.php on line 6.
 1 APPPATH\Views\admin\guru\edit.php(6): CodeIgniter\Debug\Exceptions->errorHandler(8, 'Trying to access array offset on value of type null', 'C:\\xampp\\htdocs\\sistem-abi\\app\\Views\\admin\\guru\\edit.php', 6, [...])
 2 SYSTEMPATH\View\View.php(213): include('C:\\xampp\\htdocs\\sistem-abi\\app\\Views\\admin\\guru\\edit.php')
 3 SYSTEMPATH\View\View.php(216): CodeIgniter\View\View->CodeIgniter\View\{closure}()
 4 SYSTEMPATH\Common.php(1184): CodeIgniter\View\View->render('/admin/guru/edit', [], true)
 5 APPPATH\Controllers\Admin.php(862): view('/admin/guru/edit', [...])
 6 SYSTEMPATH\CodeIgniter.php(934): App\Controllers\Admin->edit_gr('123456789')
 7 SYSTEMPATH\CodeIgniter.php(499): CodeIgniter\CodeIgniter->runController(Object(App\Controllers\Admin))
 8 SYSTEMPATH\CodeIgniter.php(368): CodeIgniter\CodeIgniter->handleRequest(null, Object(Config\Cache), false)
 9 FCPATH\index.php(67): CodeIgniter\CodeIgniter->run()
10 SYSTEMPATH\Commands\Server\rewrite.php(47): require_once('C:\\xampp\\htdocs\\sistem-abi\\public\\index.php')
INFO - 2023-04-02 03:30:13 --> Session: Class initialized using 'CodeIgniter\Session\Handlers\FileHandler' driver.
INFO - 2023-04-02 03:30:15 --> Session: Class initialized using 'CodeIgniter\Session\Handlers\FileHandler' driver.
INFO - 2023-04-02 03:30:27 --> Session: Class initialized using 'CodeIgniter\Session\Handlers\FileHandler' driver.
INFO - 2023-04-02 03:30:27 --> Session: Class initialized using 'CodeIgniter\Session\Handlers\FileHandler' driver.
INFO - 2023-04-02 03:30:30 --> Session: Class initialized using 'CodeIgniter\Session\Handlers\FileHandler' driver.
INFO - 2023-04-02 03:30:35 --> Session: Class initialized using 'CodeIgniter\Session\Handlers\FileHandler' driver.
INFO - 2023-04-02 03:30:39 --> Session: Class initialized using 'CodeIgniter\Session\Handlers\FileHandler' driver.
INFO - 2023-04-02 03:31:20 --> Session: Class initialized using 'CodeIgniter\Session\Handlers\FileHandler' driver.
INFO - 2023-04-02 03:31:21 --> Session: Class initialized using 'CodeIgniter\Session\Handlers\FileHandler' driver.
INFO - 2023-04-02 03:31:25 --> Session: Class initialized using 'CodeIgniter\Session\Handlers\FileHandler' driver.
INFO - 2023-04-02 03:34:32 --> Session: Class initialized using 'CodeIgniter\Session\Handlers\FileHandler' driver.
INFO - 2023-04-02 03:35:08 --> Session: Class initialized using 'CodeIgniter\Session\Handlers\FileHandler' driver.
INFO - 2023-04-02 03:36:04 --> Session: Class initialized using 'CodeIgniter\Session\Handlers\FileHandler' driver.
INFO - 2023-04-02 03:36:05 --> Session: Class initialized using 'CodeIgniter\Session\Handlers\FileHandler' driver.
INFO - 2023-04-02 03:46:15 --> Session: Class initialized using 'CodeIgniter\Session\Handlers\FileHandler' driver.
INFO - 2023-04-02 03:47:07 --> Session: Class initialized using 'CodeIgniter\Session\Handlers\FileHandler' driver.
INFO - 2023-04-02 03:49:25 --> Session: Class initialized using 'CodeIgniter\Session\Handlers\FileHandler' driver.
CRITICAL - 2023-04-02 03:49:25 --> Call to a member function getError() on null
in APPPATH\Controllers\Admin.php on line 597.
 1 SYSTEMPATH\CodeIgniter.php(934): App\Controllers\Admin->save_murid()
 2 SYSTEMPATH\CodeIgniter.php(499): CodeIgniter\CodeIgniter->runController(Object(App\Controllers\Admin))
 3 SYSTEMPATH\CodeIgniter.php(368): CodeIgniter\CodeIgniter->handleRequest(null, Object(Config\Cache), false)
 4 FCPATH\index.php(67): CodeIgniter\CodeIgniter->run()
 5 SYSTEMPATH\Commands\Server\rewrite.php(47): require_once('C:\\xampp\\htdocs\\sistem-abi\\public\\index.php')
INFO - 2023-04-02 03:49:49 --> Session: Class initialized using 'CodeIgniter\Session\Handlers\FileHandler' driver.
CRITICAL - 2023-04-02 03:49:49 --> Call to a member function getError() on null
in APPPATH\Controllers\Admin.php on line 597.
 1 SYSTEMPATH\CodeIgniter.php(934): App\Controllers\Admin->save_murid()
 2 SYSTEMPATH\CodeIgniter.php(499): CodeIgniter\CodeIgniter->runController(Object(App\Controllers\Admin))
 3 SYSTEMPATH\CodeIgniter.php(368): CodeIgniter\CodeIgniter->handleRequest(null, Object(Config\Cache), false)
 4 FCPATH\index.php(67): CodeIgniter\CodeIgniter->run()
 5 SYSTEMPATH\Commands\Server\rewrite.php(47): require_once('C:\\xampp\\htdocs\\sistem-abi\\public\\index.php')
INFO - 2023-04-02 03:49:57 --> Session: Class initialized using 'CodeIgniter\Session\Handlers\FileHandler' driver.
INFO - 2023-04-02 03:51:50 --> Session: Class initialized using 'CodeIgniter\Session\Handlers\FileHandler' driver.
CRITICAL - 2023-04-02 03:51:51 --> Call to a member function getError() on null
in APPPATH\Controllers\Admin.php on line 597.
 1 SYSTEMPATH\CodeIgniter.php(934): App\Controllers\Admin->save_murid()
 2 SYSTEMPATH\CodeIgniter.php(499): CodeIgniter\CodeIgniter->runController(Object(App\Controllers\Admin))
 3 SYSTEMPATH\CodeIgniter.php(368): CodeIgniter\CodeIgniter->handleRequest(null, Object(Config\Cache), false)
 4 FCPATH\index.php(67): CodeIgniter\CodeIgniter->run()
 5 SYSTEMPATH\Commands\Server\rewrite.php(47): require_once('C:\\xampp\\htdocs\\sistem-abi\\public\\index.php')
INFO - 2023-04-02 03:53:09 --> Session: Class initialized using 'CodeIgniter\Session\Handlers\FileHandler' driver.
INFO - 2023-04-02 03:53:10 --> Session: Class initialized using 'CodeIgniter\Session\Handlers\FileHandler' driver.
INFO - 2023-04-02 04:04:35 --> Session: Class initialized using 'CodeIgniter\Session\Handlers\FileHandler' driver.
INFO - 2023-04-02 04:05:29 --> Session: Class initialized using 'CodeIgniter\Session\Handlers\FileHandler' driver.
INFO - 2023-04-02 04:06:05 --> Session: Class initialized using 'CodeIgniter\Session\Handlers\FileHandler' driver.
INFO - 2023-04-02 04:06:07 --> Session: Class initialized using 'CodeIgniter\Session\Handlers\FileHandler' driver.
INFO - 2023-04-02 04:06:29 --> Session: Class initialized using 'CodeIgniter\Session\Handlers\FileHandler' driver.
INFO - 2023-04-02 04:06:59 --> Session: Class initialized using 'CodeIgniter\Session\Handlers\FileHandler' driver.
INFO - 2023-04-02 04:06:59 --> Session: Class initialized using 'CodeIgniter\Session\Handlers\FileHandler' driver.
INFO - 2023-04-02 04:08:00 --> Session: Class initialized using 'CodeIgniter\Session\Handlers\FileHandler' driver.
INFO - 2023-04-02 04:08:08 --> Session: Class initialized using 'CodeIgniter\Session\Handlers\FileHandler' driver.
CRITICAL - 2023-04-02 04:08:08 --> Undefined property: stdClass::$foto_profil
in APPPATH\Controllers\Admin.php on line 803.
 1 APPPATH\Controllers\Admin.php(803): CodeIgniter\Debug\Exceptions->errorHandler(8, 'Undefined property: stdClass::$foto_profil', 'C:\\xampp\\htdocs\\sistem-abi\\app\\Controllers\\Admin.php', 803, [...])
 2 SYSTEMPATH\CodeIgniter.php(934): App\Controllers\Admin->delete_gr('4')
 3 SYSTEMPATH\CodeIgniter.php(499): CodeIgniter\CodeIgniter->runController(Object(App\Controllers\Admin))
 4 SYSTEMPATH\CodeIgniter.php(368): CodeIgniter\CodeIgniter->handleRequest(null, Object(Config\Cache), false)
 5 FCPATH\index.php(67): CodeIgniter\CodeIgniter->run()
 6 SYSTEMPATH\Commands\Server\rewrite.php(47): require_once('C:\\xampp\\htdocs\\sistem-abi\\public\\index.php')
INFO - 2023-04-02 04:08:48 --> Session: Class initialized using 'CodeIgniter\Session\Handlers\FileHandler' driver.
INFO - 2023-04-02 04:08:48 --> Session: Class initialized using 'CodeIgniter\Session\Handlers\FileHandler' driver.
INFO - 2023-04-02 04:09:03 --> Session: Class initialized using 'CodeIgniter\Session\Handlers\FileHandler' driver.
INFO - 2023-04-02 04:09:09 --> Session: Class initialized using 'CodeIgniter\Session\Handlers\FileHandler' driver.
INFO - 2023-04-02 04:09:28 --> Session: Class initialized using 'CodeIgniter\Session\Handlers\FileHandler' driver.
INFO - 2023-04-02 04:09:32 --> Session: Class initialized using 'CodeIgniter\Session\Handlers\FileHandler' driver.
INFO - 2023-04-02 04:09:34 --> Session: Class initialized using 'CodeIgniter\Session\Handlers\FileHandler' driver.
INFO - 2023-04-02 04:19:42 --> Session: Class initialized using 'CodeIgniter\Session\Handlers\FileHandler' driver.
INFO - 2023-04-02 04:21:21 --> Session: Class initialized using 'CodeIgniter\Session\Handlers\FileHandler' driver.
INFO - 2023-04-02 04:21:40 --> Session: Class initialized using 'CodeIgniter\Session\Handlers\FileHandler' driver.
INFO - 2023-04-02 04:21:46 --> Session: Class initialized using 'CodeIgniter\Session\Handlers\FileHandler' driver.
INFO - 2023-04-02 04:21:56 --> Session: Class initialized using 'CodeIgniter\Session\Handlers\FileHandler' driver.
INFO - 2023-04-02 04:21:58 --> Session: Class initialized using 'CodeIgniter\Session\Handlers\FileHandler' driver.
INFO - 2023-04-02 04:22:04 --> Session: Class initialized using 'CodeIgniter\Session\Handlers\FileHandler' driver.
INFO - 2023-04-02 04:22:05 --> Session: Class initialized using 'CodeIgniter\Session\Handlers\FileHandler' driver.
INFO - 2023-04-02 04:22:07 --> Session: Class initialized using 'CodeIgniter\Session\Handlers\FileHandler' driver.
INFO - 2023-04-02 04:22:09 --> Session: Class initialized using 'CodeIgniter\Session\Handlers\FileHandler' driver.
INFO - 2023-04-02 04:23:01 --> Session: Class initialized using 'CodeIgniter\Session\Handlers\FileHandler' driver.
INFO - 2023-04-02 04:23:33 --> Session: Class initialized using 'CodeIgniter\Session\Handlers\FileHandler' driver.
CRITICAL - 2023-04-02 04:23:33 --> Call to a member function getError() on null
in APPPATH\Controllers\Admin.php on line 597.
 1 SYSTEMPATH\CodeIgniter.php(934): App\Controllers\Admin->save_murid()
 2 SYSTEMPATH\CodeIgniter.php(499): CodeIgniter\CodeIgniter->runController(Object(App\Controllers\Admin))
 3 SYSTEMPATH\CodeIgniter.php(368): CodeIgniter\CodeIgniter->handleRequest(null, Object(Config\Cache), false)
 4 FCPATH\index.php(67): CodeIgniter\CodeIgniter->run()
 5 SYSTEMPATH\Commands\Server\rewrite.php(47): require_once('C:\\xampp\\htdocs\\sistem-abi\\public\\index.php')
INFO - 2023-04-02 04:23:52 --> Session: Class initialized using 'CodeIgniter\Session\Handlers\FileHandler' driver.
INFO - 2023-04-02 04:23:54 --> Session: Class initialized using 'CodeIgniter\Session\Handlers\FileHandler' driver.
INFO - 2023-04-02 04:24:22 --> Session: Class initialized using 'CodeIgniter\Session\Handlers\FileHandler' driver.
INFO - 2023-04-02 04:26:29 --> Session: Class initialized using 'CodeIgniter\Session\Handlers\FileHandler' driver.
INFO - 2023-04-02 04:26:29 --> Session: Class initialized using 'CodeIgniter\Session\Handlers\FileHandler' driver.
INFO - 2023-04-02 04:27:53 --> Session: Class initialized using 'CodeIgniter\Session\Handlers\FileHandler' driver.
INFO - 2023-04-02 04:28:30 --> Session: Class initialized using 'CodeIgniter\Session\Handlers\FileHandler' driver.
INFO - 2023-04-02 04:28:30 --> Session: Class initialized using 'CodeIgniter\Session\Handlers\FileHandler' driver.
INFO - 2023-04-02 04:29:16 --> Session: Class initialized using 'CodeIgniter\Session\Handlers\FileHandler' driver.
INFO - 2023-04-02 04:29:18 --> Session: Class initialized using 'CodeIgniter\Session\Handlers\FileHandler' driver.
INFO - 2023-04-02 04:29:55 --> Session: Class initialized using 'CodeIgniter\Session\Handlers\FileHandler' driver.
INFO - 2023-04-02 04:29:56 --> Session: Class initialized using 'CodeIgniter\Session\Handlers\FileHandler' driver.
INFO - 2023-04-02 04:30:05 --> Session: Class initialized using 'CodeIgniter\Session\Handlers\FileHandler' driver.
INFO - 2023-04-02 04:30:09 --> Session: Class initialized using 'CodeIgniter\Session\Handlers\FileHandler' driver.
INFO - 2023-04-02 04:30:32 --> Session: Class initialized using 'CodeIgniter\Session\Handlers\FileHandler' driver.
INFO - 2023-04-02 04:30:32 --> Session: Class initialized using 'CodeIgniter\Session\Handlers\FileHandler' driver.
INFO - 2023-04-02 04:30:47 --> Session: Class initialized using 'CodeIgniter\Session\Handlers\FileHandler' driver.
INFO - 2023-04-02 04:31:03 --> Session: Class initialized using 'CodeIgniter\Session\Handlers\FileHandler' driver.
INFO - 2023-04-02 04:31:06 --> Session: Class initialized using 'CodeIgniter\Session\Handlers\FileHandler' driver.
INFO - 2023-04-02 04:31:10 --> Session: Class initialized using 'CodeIgniter\Session\Handlers\FileHandler' driver.
INFO - 2023-04-02 04:31:10 --> Session: Class initialized using 'CodeIgniter\Session\Handlers\FileHandler' driver.
INFO - 2023-04-02 04:31:15 --> Session: Class initialized using 'CodeIgniter\Session\Handlers\FileHandler' driver.
INFO - 2023-04-02 04:32:39 --> Session: Class initialized using 'CodeIgniter\Session\Handlers\FileHandler' driver.
INFO - 2023-04-02 04:32:42 --> Session: Class initialized using 'CodeIgniter\Session\Handlers\FileHandler' driver.
INFO - 2023-04-02 04:32:45 --> Session: Class initialized using 'CodeIgniter\Session\Handlers\FileHandler' driver.
INFO - 2023-04-02 04:32:47 --> Session: Class initialized using 'CodeIgniter\Session\Handlers\FileHandler' driver.
INFO - 2023-04-02 04:32:50 --> Session: Class initialized using 'CodeIgniter\Session\Handlers\FileHandler' driver.
INFO - 2023-04-02 04:32:51 --> Session: Class initialized using 'CodeIgniter\Session\Handlers\FileHandler' driver.
INFO - 2023-04-02 04:34:04 --> Session: Class initialized using 'CodeIgniter\Session\Handlers\FileHandler' driver.
INFO - 2023-04-02 04:36:19 --> Session: Class initialized using 'CodeIgniter\Session\Handlers\FileHandler' driver.
CRITICAL - 2023-04-02 04:36:19 --> Cannot use object of type stdClass as array
in APPPATH\Views\admin\walimurid\detail.php on line 8.
 1 SYSTEMPATH\View\View.php(213): include()
 2 SYSTEMPATH\View\View.php(216): CodeIgniter\View\View->CodeIgniter\View\{closure}()
 3 SYSTEMPATH\Common.php(1184): CodeIgniter\View\View->render('/admin/walimurid/detail', [], true)
 4 APPPATH\Controllers\Admin.php(1118): view('/admin/walimurid/detail', [...])
 5 SYSTEMPATH\CodeIgniter.php(934): App\Controllers\Admin->detail_walimurid('2')
 6 SYSTEMPATH\CodeIgniter.php(499): CodeIgniter\CodeIgniter->runController(Object(App\Controllers\Admin))
 7 SYSTEMPATH\CodeIgniter.php(368): CodeIgniter\CodeIgniter->handleRequest(null, Object(Config\Cache), false)
 8 FCPATH\index.php(67): CodeIgniter\CodeIgniter->run()
 9 SYSTEMPATH\Commands\Server\rewrite.php(47): require_once('C:\\xampp\\htdocs\\sistem-abi\\public\\index.php')
INFO - 2023-04-02 04:36:49 --> Session: Class initialized using 'CodeIgniter\Session\Handlers\FileHandler' driver.
CRITICAL - 2023-04-02 04:36:49 --> Undefined property: stdClass::$nisn
in APPPATH\Views\admin\walimurid\detail.php on line 16.
 1 APPPATH\Views\admin\walimurid\detail.php(16): CodeIgniter\Debug\Exceptions->errorHandler(8, 'Undefined property: stdClass::$nisn', 'C:\\xampp\\htdocs\\sistem-abi\\app\\Views\\admin\\walimurid\\detail.php', 16, [...])
 2 SYSTEMPATH\View\View.php(213): include('C:\\xampp\\htdocs\\sistem-abi\\app\\Views\\admin\\walimurid\\detail.php')
 3 SYSTEMPATH\View\View.php(216): CodeIgniter\View\View->CodeIgniter\View\{closure}()
 4 SYSTEMPATH\Common.php(1184): CodeIgniter\View\View->render('/admin/walimurid/detail', [], true)
 5 APPPATH\Controllers\Admin.php(1118): view('/admin/walimurid/detail', [...])
 6 SYSTEMPATH\CodeIgniter.php(934): App\Controllers\Admin->detail_walimurid('2')
 7 SYSTEMPATH\CodeIgniter.php(499): CodeIgniter\CodeIgniter->runController(Object(App\Controllers\Admin))
 8 SYSTEMPATH\CodeIgniter.php(368): CodeIgniter\CodeIgniter->handleRequest(null, Object(Config\Cache), false)
 9 FCPATH\index.php(67): CodeIgniter\CodeIgniter->run()
10 SYSTEMPATH\Commands\Server\rewrite.php(47): require_once('C:\\xampp\\htdocs\\sistem-abi\\public\\index.php')
INFO - 2023-04-02 04:37:32 --> Session: Class initialized using 'CodeIgniter\Session\Handlers\FileHandler' driver.
CRITICAL - 2023-04-02 04:37:33 --> Cannot use object of type stdClass as array
in APPPATH\Views\admin\walimurid\detail.php on line 20.
 1 SYSTEMPATH\View\View.php(213): include()
 2 SYSTEMPATH\View\View.php(216): CodeIgniter\View\View->CodeIgniter\View\{closure}()
 3 SYSTEMPATH\Common.php(1184): CodeIgniter\View\View->render('/admin/walimurid/detail', [], true)
 4 APPPATH\Controllers\Admin.php(1118): view('/admin/walimurid/detail', [...])
 5 SYSTEMPATH\CodeIgniter.php(934): App\Controllers\Admin->detail_walimurid('2')
 6 SYSTEMPATH\CodeIgniter.php(499): CodeIgniter\CodeIgniter->runController(Object(App\Controllers\Admin))
 7 SYSTEMPATH\CodeIgniter.php(368): CodeIgniter\CodeIgniter->handleRequest(null, Object(Config\Cache), false)
 8 FCPATH\index.php(67): CodeIgniter\CodeIgniter->run()
 9 SYSTEMPATH\Commands\Server\rewrite.php(47): require_once('C:\\xampp\\htdocs\\sistem-abi\\public\\index.php')
INFO - 2023-04-02 04:37:56 --> Session: Class initialized using 'CodeIgniter\Session\Handlers\FileHandler' driver.
INFO - 2023-04-02 04:38:05 --> Session: Class initialized using 'CodeIgniter\Session\Handlers\FileHandler' driver.
CRITICAL - 2023-04-02 04:38:05 --> Trying to get property 'foto_profile' of non-object
in APPPATH\Controllers\Admin.php on line 964.
 1 APPPATH\Controllers\Admin.php(964): CodeIgniter\Debug\Exceptions->errorHandler(8, 'Trying to get property \'foto_profile\' of non-object', 'C:\\xampp\\htdocs\\sistem-abi\\app\\Controllers\\Admin.php', 964, [...])
 2 SYSTEMPATH\CodeIgniter.php(934): App\Controllers\Admin->delete_mr('2')
 3 SYSTEMPATH\CodeIgniter.php(499): CodeIgniter\CodeIgniter->runController(Object(App\Controllers\Admin))
 4 SYSTEMPATH\CodeIgniter.php(368): CodeIgniter\CodeIgniter->handleRequest(null, Object(Config\Cache), false)
 5 FCPATH\index.php(67): CodeIgniter\CodeIgniter->run()
 6 SYSTEMPATH\Commands\Server\rewrite.php(47): require_once('C:\\xampp\\htdocs\\sistem-abi\\public\\index.php')
INFO - 2023-04-02 04:38:34 --> Session: Class initialized using 'CodeIgniter\Session\Handlers\FileHandler' driver.
INFO - 2023-04-02 04:42:56 --> Session: Class initialized using 'CodeIgniter\Session\Handlers\FileHandler' driver.
INFO - 2023-04-02 04:42:56 --> Session: Class initialized using 'CodeIgniter\Session\Handlers\FileHandler' driver.
INFO - 2023-04-02 04:43:20 --> Session: Class initialized using 'CodeIgniter\Session\Handlers\FileHandler' driver.
INFO - 2023-04-02 04:43:20 --> Session: Class initialized using 'CodeIgniter\Session\Handlers\FileHandler' driver.
INFO - 2023-04-02 04:43:37 --> Session: Class initialized using 'CodeIgniter\Session\Handlers\FileHandler' driver.
INFO - 2023-04-02 04:43:37 --> Session: Class initialized using 'CodeIgniter\Session\Handlers\FileHandler' driver.
INFO - 2023-04-02 04:43:40 --> Session: Class initialized using 'CodeIgniter\Session\Handlers\FileHandler' driver.
INFO - 2023-04-02 04:43:45 --> Session: Class initialized using 'CodeIgniter\Session\Handlers\FileHandler' driver.
INFO - 2023-04-02 04:43:50 --> Session: Class initialized using 'CodeIgniter\Session\Handlers\FileHandler' driver.
INFO - 2023-04-02 04:43:55 --> Session: Class initialized using 'CodeIgniter\Session\Handlers\FileHandler' driver.
INFO - 2023-04-02 04:43:57 --> Session: Class initialized using 'CodeIgniter\Session\Handlers\FileHandler' driver.
INFO - 2023-04-02 04:44:01 --> Session: Class initialized using 'CodeIgniter\Session\Handlers\FileHandler' driver.
INFO - 2023-04-02 04:44:02 --> Session: Class initialized using 'CodeIgniter\Session\Handlers\FileHandler' driver.
